        -:    0:Source:cardtest1.c
        -:    0:Graph:cardtest1.gcno
        -:    0:Data:cardtest1.gcda
        -:    0:Runs:1
        -:    0:Programs:1
        -:    1:#include "assert.h"
        -:    2:#include "dominion.h"
        -:    3:#include <stdio.h>
        -:    4:#include "rngs.h"
        -:    5:#include <stdlib.h>
        -:    6:
        -:    7://Testing adventure card
        1:    8:int main (int argc, char** argv) {
        -:    9: struct gameState Game;
        1:   10: int a, z, random = 0;
        -:   11: int temphand[MAX_HAND];
        1:   12: int k[10] = {adventurer, gardens, embargo, village, minion, mine, cutpurse, sea_hag, tribute, smithy};
        1:   13: random = rand() % 10;
        -:   14:
        1:   15: a = initializeGame(2, k, random, &Game);
        1:   16: assert(a == 0);
        1:   17: printf("Cardtest 1:\n");
        -:   18:
        -:   19: //Invalid testing 
        1:   20: a = cardEffect(6, 0, 0, 0, &Game, 4, 0);
        1:   21: assert(a == -1);
        -:   22:
        -:   23: //Valid testign
        1:   24: a = adventurerCard(1, temphand, 0, &Game);
        1:   25: assert(a == 0);
        -:   26:
        1:   27: printf("CARD TEST 1 PASSED\n");
        1:   28: return 0;
        -:   29:}
