        -:    0:Source:cardtest2.c
        -:    0:Graph:cardtest2.gcno
        -:    0:Data:cardtest2.gcda
        -:    0:Runs:2
        -:    0:Programs:1
        -:    0:Source is newer than graph
        -:    1:#include "assert.h"
        -:    2:#include "dominion.h"
        -:    3:#include <stdio.h>
        -:    4:#include "rngs.h"
        -:    5:#include <stdlib.h>
        -:    6:
        -:    7://Testing smithy card 
        2:    8:int main(int argc, char** argv){
        -:    9: struct gameState Game;
        2:   10: int a, random = 0;
        2:   11: int k[10] = {adventurer, gardens, embargo, village, minion, mine,
        -:   12:              cutpurse, sea_hag, tribute, smithy};
        2:   13: random = rand() % 10;
        -:   14:
        2:   15: a = initializeGame(2, k, random, &Game);
        2:   16: assert(a == 0);
        2:   17: printf("Cardtest 2:\n");
        -:   18:
        -:   19: //Invalid test but contains no bugs
        2:   20: int card = 4;
        2:   21: int choice1, choice2, choice3, bonus = 0;
        2:   22: int handPos = 4;
        2:   23: a = cardEffect(card, choice1, choice2, choice3, &Game, handPos, bonus);
        2:   24: assert(a == -1); 
        -:   25: 
        -:   26: //Valid test but contains bugs in the refactored smithy function
        2:   27: a = smithyCard(1, handPos, &Game);
        2:   28: assert(a == 0);
        -:   29:
        2:   30: printf("CARD TEST 2 PASSED\n");
        -:   31:
        2:   32: return 0;
        -:   33:}
