        -:    0:Source:cardtest4.c
        -:    0:Graph:cardtest4.gcno
        -:    0:Data:cardtest4.gcda
        -:    0:Runs:1
        -:    0:Programs:1
        -:    1:#include "assert.h"
        -:    2:#include "dominion.h"
        -:    3:#include <stdio.h>
        -:    4:#include "rngs.h"
        -:    5:#include <stdlib.h>
        -:    6:
        -:    7://Test village Card
        1:    8:int main(int argc, char** argv) {
        -:    9: struct gameState Game;
        1:   10: int a, random = 0;
        1:   11: int k[10] = {adventurer, gardens, embargo, village, minion, mine, 
        -:   12:              cutpurse, sea_hag, tribute, smithy};
        1:   13: random = rand() % 10;
        -:   14:
        1:   15: a = initializeGame(2, k, random, &Game);
        1:   16: assert(a == 0);
        -:   17:
        1:   18: printf("Cardtest 4:\n");
        -:   19:
        -:   20: //Invalid test
        1:   21: int card = 3;
        1:   22: int choice1, choice2, choice3, bonus = 0;
        1:   23: int handPos = 4;
        1:   24: a = cardEffect(card, choice1, choice2, choice3, &Game, handPos, bonus);
        1:   25: assert(a == -1);
        -:   26:
        -:   27:
        -:   28: //Valid test
        1:   29: a = villageCard(1, handPos, &Game);
        1:   30: assert(a == 0);
        -:   31:
        1:   32: printf("CARD TEST 4 PASSED\n"); 
        1:   33: return 0;
        -:   34:}
