        -:    0:Source:cardtest3.c
        -:    0:Graph:cardtest3.gcno
        -:    0:Data:cardtest3.gcda
        -:    0:Runs:1
        -:    0:Programs:1
        -:    1:#include "assert.h"
        -:    2:#include "dominion.h"
        -:    3:#include <stdio.h>
        -:    4:#include "rngs.h"
        -:    5:#include <stdlib.h>
        -:    6:
        -:    7://Test council room card
        1:    8:int main(int argc, char** argv){
        -:    9: struct gameState Game;
        1:   10: int a, random = 0;
        1:   11: int k[10] = {adventurer, gardens, embargo, village, minion, mine,
        -:   12: cutpurse, sea_hag, tribute, smithy};
        1:   13: random = rand() % 10;
        -:   14:
        1:   15: a = initializeGame(2, k, random, &Game);
        1:   16: assert(a == 0);
        1:   17: printf("Cardtest 3:\n");
        -:   18:
        -:   19: //Invalid Input despite correct function
        1:   20: int card = 5;
        1:   21: int choice1, choice2, choice3, bonus = 0;
        1:   22: int handPos = 4;
        1:   23: a = cardEffect(card, choice1, choice2, choice3, &Game, handPos, bonus);
        1:   24: assert(a == -1);
        -:   25:
        -:   26: //Valid Input
        1:   27: a = council_roomCard(1, handPos, &Game);
        1:   28: assert(a == 0);
        -:   29:
        1:   30: printf("CARD TEST 3 PASSED\n");
        1:   31: return 0;
        -:   32:}
