        -:    0:Source:playdom.c
        -:    0:Graph:playdom.gcno
        -:    0:Data:playdom.gcda
        -:    0:Runs:1
        -:    0:Programs:1
        -:    1:#include "dominion.h"
        -:    2:#include <stdio.h>
        -:    3:#include "rngs.h"
        -:    4:#include <stdlib.h>
        -:    5:
function main called 1 returned 100% blocks executed 98%
        1:    6:int main (int argc, char** argv) {
        -:    7:  struct gameState G;
        1:    8:  int k[10] = {adventurer, gardens, embargo, village, minion, mine, cutpurse,
        -:    9:           sea_hag, tribute, smithy};
        -:   10:
        1:   11:  printf ("Starting game.\n");
call    0 returned 100%
        -:   12:
        1:   13:  initializeGame(2, k, atoi(argv[1]), &G);
call    0 returned 100%
call    1 returned 100%
        -:   14:
        1:   15:  int money = 0;
        1:   16:  int smithyPos = -1;
        1:   17:  int adventurerPos = -1;
        1:   18:  int i=0;
        -:   19:
        1:   20:  int numSmithies = 0;
        1:   21:  int numAdventurers = 0;
        -:   22:
       38:   23:  while (!isGameOver(&G)) {
call    0 returned 100%
branch  1 taken 97%
branch  2 taken 3% (fallthrough)
       36:   24:    money = 0;
       36:   25:    smithyPos = -1;
       36:   26:    adventurerPos = -1;
      216:   27:    for (i = 0; i < numHandCards(&G); i++) {
call    0 returned 100%
branch  1 taken 83%
branch  2 taken 17% (fallthrough)
      180:   28:      if (handCard(i, &G) == copper)
call    0 returned 100%
branch  1 taken 45% (fallthrough)
branch  2 taken 55%
       81:   29:    money++;
       99:   30:      else if (handCard(i, &G) == silver)
call    0 returned 100%
branch  1 taken 35% (fallthrough)
branch  2 taken 65%
       35:   31:    money += 2;
       64:   32:      else if (handCard(i, &G) == gold)
call    0 returned 100%
branch  1 taken 5% (fallthrough)
branch  2 taken 95%
        3:   33:    money += 3;
       61:   34:      else if (handCard(i, &G) == smithy)
call    0 returned 100%
branch  1 taken 3% (fallthrough)
branch  2 taken 97%
        2:   35:    smithyPos = i;
       59:   36:      else if (handCard(i, &G) == adventurer)
call    0 returned 100%
branch  1 taken 14% (fallthrough)
branch  2 taken 86%
        8:   37:    adventurerPos = i;
        -:   38:    }
        -:   39:
       36:   40:    if (whoseTurn(&G) == 0) {
call    0 returned 100%
branch  1 taken 50% (fallthrough)
branch  2 taken 50%
       18:   41:      if (smithyPos != -1) {
branch  0 taken 11% (fallthrough)
branch  1 taken 89%
        2:   42:        printf("0: smithy played from position %d\n", smithyPos);
call    0 returned 100%
        2:   43:        playCard(smithyPos, -1, -1, -1, &G);
call    0 returned 100%
        2:   44:        printf("smithy played.\n");
call    0 returned 100%
        2:   45:        money = 0;
        2:   46:        i=0;
       22:   47:        while(i<numHandCards(&G)){
call    0 returned 100%
branch  1 taken 90%
branch  2 taken 10% (fallthrough)
       18:   48:          if (handCard(i, &G) == copper){
call    0 returned 100%
branch  1 taken 67% (fallthrough)
branch  2 taken 33%
       12:   49:            playCard(i, -1, -1, -1, &G);
call    0 returned 100%
       12:   50:            money++;
        -:   51:          }
        6:   52:          else if (handCard(i, &G) == silver){
call    0 returned 100%
branch  1 taken 33% (fallthrough)
branch  2 taken 67%
        2:   53:            playCard(i, -1, -1, -1, &G);
call    0 returned 100%
        2:   54:            money += 2;
        -:   55:          }
        4:   56:          else if (handCard(i, &G) == gold){
call    0 returned 100%
branch  1 taken 0% (fallthrough)
branch  2 taken 100%
    #####:   57:            playCard(i, -1, -1, -1, &G);
call    0 never executed
    #####:   58:            money += 3;
        -:   59:          }
       18:   60:          i++;
        -:   61:        }
        -:   62:      }
        -:   63:
       18:   64:      if (money >= 8) {
branch  0 taken 17% (fallthrough)
branch  1 taken 83%
        3:   65:        printf("0: bought province\n");
call    0 returned 100%
        3:   66:        buyCard(province, &G);
call    0 returned 100%
        -:   67:      }
       15:   68:      else if (money >= 6) {
branch  0 taken 27% (fallthrough)
branch  1 taken 73%
        4:   69:        printf("0: bought gold\n");
call    0 returned 100%
        4:   70:        buyCard(gold, &G);
call    0 returned 100%
        -:   71:      }
       11:   72:      else if ((money >= 4) && (numSmithies < 2)) {
branch  0 taken 91% (fallthrough)
branch  1 taken 9%
branch  2 taken 20% (fallthrough)
branch  3 taken 80%
        2:   73:        printf("0: bought smithy\n");
call    0 returned 100%
        2:   74:        buyCard(smithy, &G);
call    0 returned 100%
        2:   75:        numSmithies++;
        -:   76:      }
        9:   77:      else if (money >= 3) {
branch  0 taken 100% (fallthrough)
branch  1 taken 0%
        9:   78:        printf("0: bought silver\n");
call    0 returned 100%
        9:   79:        buyCard(silver, &G);
call    0 returned 100%
        -:   80:      }
        -:   81:
       18:   82:      printf("0: end turn\n");
call    0 returned 100%
       18:   83:      endTurn(&G);
call    0 returned 100%
        -:   84:    }
        -:   85:    else {
       18:   86:      if (adventurerPos != -1) {
branch  0 taken 44% (fallthrough)
branch  1 taken 56%
        8:   87:        printf("1: adventurer played from position %d\n", adventurerPos);
call    0 returned 100%
        8:   88:        playCard(adventurerPos, -1, -1, -1, &G);
call    0 returned 100%
        8:   89:        money = 0;
        8:   90:        i=0;
       80:   91:        while(i<numHandCards(&G)){
call    0 returned 100%
branch  1 taken 89%
branch  2 taken 11% (fallthrough)
       64:   92:          if (handCard(i, &G) == copper){
call    0 returned 100%
branch  1 taken 38% (fallthrough)
branch  2 taken 63%
       24:   93:            playCard(i, -1, -1, -1, &G);
call    0 returned 100%
       24:   94:            money++;
        -:   95:          }
       40:   96:          else if (handCard(i, &G) == silver){
call    0 returned 100%
branch  1 taken 52% (fallthrough)
branch  2 taken 48%
       21:   97:            playCard(i, -1, -1, -1, &G);
call    0 returned 100%
       21:   98:            money += 2;
        -:   99:          }
       19:  100:          else if (handCard(i, &G) == gold){
call    0 returned 100%
branch  1 taken 11% (fallthrough)
branch  2 taken 89%
        2:  101:            playCard(i, -1, -1, -1, &G);
call    0 returned 100%
        2:  102:            money += 3;
        -:  103:          }
       64:  104:          i++;
        -:  105:        }
        -:  106:      }
        -:  107:
       18:  108:      if (money >= 8) {
branch  0 taken 28% (fallthrough)
branch  1 taken 72%
        5:  109:        printf("1: bought province\n");
call    0 returned 100%
        5:  110:        buyCard(province, &G);
call    0 returned 100%
        -:  111:      }
       13:  112:      else if ((money >= 6) && (numAdventurers < 2)) {
branch  0 taken 46% (fallthrough)
branch  1 taken 54%
branch  2 taken 33% (fallthrough)
branch  3 taken 67%
        2:  113:        printf("1: bought adventurer\n");
call    0 returned 100%
        2:  114:        buyCard(adventurer, &G);
call    0 returned 100%
        2:  115:        numAdventurers++;
       11:  116:      }else if (money >= 6){
branch  0 taken 36% (fallthrough)
branch  1 taken 64%
        4:  117:        printf("1: bought gold\n");
call    0 returned 100%
        4:  118:	    buyCard(gold, &G);
call    0 returned 100%
        -:  119:        }
        7:  120:      else if (money >= 3){
branch  0 taken 100% (fallthrough)
branch  1 taken 0%
        7:  121:        printf("1: bought silver\n");
call    0 returned 100%
        7:  122:	    buyCard(silver, &G);
call    0 returned 100%
        -:  123:      }
       18:  124:      printf("1: endTurn\n");
call    0 returned 100%
        -:  125:
       18:  126:      endTurn(&G);
call    0 returned 100%
        -:  127:    }
        -:  128:  } // end of While
        -:  129:
        1:  130:  printf ("Finished game.\n");
call    0 returned 100%
        1:  131:  printf ("Player 0: %d\nPlayer 1: %d\n", scoreFor(0, &G), scoreFor(1, &G));
call    0 returned 100%
call    1 returned 100%
call    2 returned 100%
        -:  132:
        1:  133:  return 0;
        -:  134:}
