        -:    0:Source:unittest1.c
        -:    0:Graph:unittest1.gcno
        -:    0:Data:unittest1.gcda
        -:    0:Runs:1
        -:    0:Programs:1
        -:    1:#include "assert.h"
        -:    2:#include "dominion.h"
        -:    3:#include <stdio.h>
        -:    4:#include "rngs.h"
        -:    5:#include <stdlib.h>
        -:    6:
        -:    7://Test buy Card function 
        1:    8:int main(int argc, char** argv){
        -:    9: struct gameState Game;
        1:   10: int a, random = 0;
        1:   11: int k[10] = {adventurer, gardens, embargo, village, minion, mine, 
        -:   12:              cutpurse,sea_hag, tribute, smithy};
        1:   13: random = rand() % 10;
        -:   14:
        1:   15: a = initializeGame(2, k, random, &Game);
        1:   16: assert(a == 0);
        1:   17: printf("Unittest 1:\n");
        -:   18:
        1:   19: Game.coins = 8;
        1:   20: Game.numBuys = 2;
        -:   21:
        -:   22://Invalid test
        -:   23://Bug is -2 for the supplyPos parameter
        1:   24: a = buyCard(-2, &Game);
        1:   25: assert(a == -1);
        -:   26:
        -:   27://Valid test
        1:   28: a = buyCard(2, &Game);
        1:   29: assert(a == 0);
        -:   30:
        1:   31: printf("UNIT TEST 1 PASSED\n");
        1:   32: return 0;
        -:   33:}
