        -:    0:Source:unittest2.c
        -:    0:Graph:unittest2.gcno
        -:    0:Data:unittest2.gcda
        -:    0:Runs:1
        -:    0:Programs:1
        -:    1:#include "assert.h"
        -:    2:#include "dominion.h"
        -:    3:#include <stdio.h>
        -:    4:#include "rngs.h"
        -:    5:#include <stdlib.h>
        -:    6:
        -:    7://Testing end turn function
        1:    8:int main(int argc, char** argv){
        -:    9: struct gameState Game;
        1:   10: int a, random = 0;
        1:   11: int k[10] = {adventurer, gardens, embargo, village, minion, mine, cutpurse,
        -:   12:              sea_hag, tribute, smithy};
        1:   13: random = rand() % 10;
        -:   14:
        1:   15: a = initializeGame(2, k, random, &Game);
        1:   16: assert(a == 0);
        1:   17: printf("Unittest2:\n");
        -:   18:
        1:   19: Game.whoseTurn = 0;
        1:   20: a = endTurn(&Game);
        1:   21: assert(a == 0);
        -:   22:
        1:   23: Game.whoseTurn = 1;
        1:   24: a = endTurn(&Game);
        1:   25: assert(a == 0);
        -:   26:
        1:   27: printf("UNIT TEST 2 PASSED\n");
        1:   28: return 0;
        -:   29:}
