        -:    0:Source:unittest3.c
        -:    0:Graph:unittest3.gcno
        -:    0:Data:unittest3.gcda
        -:    0:Runs:1
        -:    0:Programs:1
        -:    1:#include "assert.h"
        -:    2:#include "dominion.h"
        -:    3:#include <stdio.h>
        -:    4:#include "rngs.h"
        -:    5:#include <stdlib.h>
        -:    6:
        -:    7://Test Shuffle function
        1:    8:int main(int argc, char **argv){
        -:    9: struct gameState Game;
        1:   10: int a, random, player = 0;
        1:   11: int k[10] = {adventurer, gardens, embargo, village, minion, mine,
        -:   12:              cutpurse, sea_hag, tribute, smithy};
        1:   13: random = rand() % 10;
        -:   14:
        1:   15: a = initializeGame(2, k, random, &Game);
        1:   16: assert(a == 0);
        1:   17: printf("Unittest 3:\n");
        -:   18:
        -:   19: //Invalid testing
        -:   20: //Bug is -1000 for the deckCount array in struct Game 
        1:   21: Game.deckCount[player] = -1000;
        1:   22: a = shuffle(player, &Game);
        1:   23: assert(a == -1);
        -:   24:
        -:   25://Valid testing   
        1:   26: Game.deckCount[player] = 5;
        1:   27: a = shuffle(player, &Game);
        1:   28: assert(a == 0);
        -:   29: 
        1:   30: printf("UNIT TEST 3 PASSED\n");
        1:   31: return 0;
        -:   32:}
