        -:    0:Source:unittest1.c
        -:    0:Graph:unittest1.gcno
        -:    0:Data:unittest1.gcda
        -:    0:Runs:3
        -:    0:Programs:1
        -:    0:Source is newer than graph
        -:    1:#include "assert.h"
        -:    2:#include "dominion.h"
        -:    3:#include <stdio.h>
        -:    4:#include "rngs.h"
        -:    5:#include <stdlib.h>
        -:    6:
function main called 3 returned 100% blocks executed 79%
        3:    7://Test buy Card function 
        -:    8:int main(int argc, char** argv){
        3:    9: struct gameState Game;
        3:   10: int a, random = 0;
        -:   11: int k[10] = {adventurer, gardens, embargo, village, minion, mine, 
        3:   12:              cutpurse,sea_hag, tribute, smithy};
call    0 returned 100%
        -:   13: random = rand() % 10;
        3:   14:
call    0 returned 100%
        3:   15: a = initializeGame(2, k, random, &Game);
branch  0 taken 0% (fallthrough)
branch  1 taken 100%
call    2 never executed
        3:   16: assert(a == 0);
call    0 returned 100%
        -:   17: printf("Unittest 1:\n");
        3:   18:
        3:   19: Game.coins = 8;
        -:   20: Game.numBuys = 2;
        -:   21:
        3:   22://Invalid test
call    0 returned 100%
        3:   23://Bug is -2 for the supplyPos parameter
branch  0 taken 0% (fallthrough)
branch  1 taken 100%
call    2 never executed
        -:   24: a = buyCard(-2, &Game);
        -:   25: assert(a == -1);
        3:   26:
call    0 returned 100%
        3:   27://Valid test
branch  0 taken 0% (fallthrough)
branch  1 taken 100%
call    2 never executed
        -:   28: a = buyCard(2, &Game);
        3:   29: assert(a == 0);
call    0 returned 100%
        3:   30:
        -:   31: printf("UNIT TEST 1 PASSED\n");
        -:   32: return 0;
        -:   33:}
