        -:    0:Source:unittest4.c
        -:    0:Graph:unittest4.gcno
        -:    0:Data:unittest4.gcda
        -:    0:Runs:1
        -:    0:Programs:1
        -:    1:#include "assert.h"
        -:    2:#include "dominion.h"
        -:    3:#include <stdio.h>
        -:    4:#include "rngs.h"
        -:    5:#include <stdlib.h>
        -:    6:
        -:    7://Test game over
        1:    8:int main(int argc, char** argv){
        -:    9: struct gameState Game;
        1:   10: int a, random = 0;
        1:   11: int k[10] = {adventurer, gardens, embargo, village, minion, mine, cutpurse,      sea_hag, tribute, smithy};
        1:   12: random = rand() % 10;
        -:   13:
        1:   14: a = initializeGame(2, k, random, &Game);
        -:   15:
        -:   16://Test for crashes
        1:   17: assert(a == 0);
        1:   18: printf("Unit Test 4:\n");
        -:   19:
        -:   20://Test for the state of the game.
       22:   21: for(int i = 20; i>= 0; i--){
       21:   22:     Game.supplyCount[i] = i;
       21:   23:     a = isGameOver(&Game);
        -:   24: }
        1:   25: printf("UNIT TEST 4 PASSED.\n");
        1:   26: return 0;
        -:   27:}
